Assembler report for RiscV_Processor
Sun May 09 20:00:52 2021
Quartus Prime Version 20.1.1 Build 720 11/11/2020 SJ Lite Edition


---------------------
; Table of Contents ;
---------------------
  1. Legal Notice
  2. Assembler Summary
  3. Assembler Settings
  4. Assembler Generated Files
  5. Assembler Device Options: C:/Users/Pedro Nogueira/Documents/projects/unb-2020_2/OAC-RiscV/RiscV_Processor/output_files/RiscV_Processor.sof
  6. Assembler Messages



----------------
; Legal Notice ;
----------------
Copyright (C) 2020  Intel Corporation. All rights reserved.
Your use of Intel Corporation's design tools, logic functions 
and other software and tools, and any partner logic 
functions, and any output files from any of the foregoing 
(including device programming or simulation files), and any 
associated documentation or information are expressly subject 
to the terms and conditions of the Intel Program License 
Subscription Agreement, the Intel Quartus Prime License Agreement,
the Intel FPGA IP License Agreement, or other applicable license
agreement, including, without limitation, that your use is for
the sole purpose of programming logic devices manufactured by
Intel and sold by Intel or its authorized distributors.  Please
refer to the applicable agreement for further details, at
https://fpgasoftware.intel.com/eula.



+---------------------------------------------------------------+
; Assembler Summary                                             ;
+-----------------------+---------------------------------------+
; Assembler Status      ; Successful - Sun May 09 20:00:52 2021 ;
; Revision Name         ; RiscV_Processor                       ;
; Top-level Entity Name ; RiscV_Processor                       ;
; Family                ; Cyclone V                             ;
; Device                ; 5CGTFD9E5F35C7                        ;
+-----------------------+---------------------------------------+


+----------------------------------+
; Assembler Settings               ;
+--------+---------+---------------+
; Option ; Setting ; Default Value ;
+--------+---------+---------------+


+------------------------------------------------------------------------------------------------------------------+
; Assembler Generated Files                                                                                        ;
+------------------------------------------------------------------------------------------------------------------+
; File Name                                                                                                        ;
+------------------------------------------------------------------------------------------------------------------+
; C:/Users/Pedro Nogueira/Documents/projects/unb-2020_2/OAC-RiscV/RiscV_Processor/output_files/RiscV_Processor.sof ;
+------------------------------------------------------------------------------------------------------------------+


+--------------------------------------------------------------------------------------------------------------------------------------------+
; Assembler Device Options: C:/Users/Pedro Nogueira/Documents/projects/unb-2020_2/OAC-RiscV/RiscV_Processor/output_files/RiscV_Processor.sof ;
+----------------+---------------------------------------------------------------------------------------------------------------------------+
; Option         ; Setting                                                                                                                   ;
+----------------+---------------------------------------------------------------------------------------------------------------------------+
; JTAG usercode  ; 0x01E43A32                                                                                                                ;
; Checksum       ; 0x01E43A32                                                                                                                ;
+----------------+---------------------------------------------------------------------------------------------------------------------------+


+--------------------+
; Assembler Messages ;
+--------------------+
Info: *******************************************************************
Info: Running Quartus Prime Assembler
    Info: Version 20.1.1 Build 720 11/11/2020 SJ Lite Edition
    Info: Processing started: Sun May 09 20:00:40 2021
Info: Command: quartus_asm --read_settings_files=off --write_settings_files=off RiscV_Processor -c RiscV_Processor
Info (115030): Assembler is generating device programming files
Info: Quartus Prime Assembler was successful. 0 errors, 0 warnings
    Info: Peak virtual memory: 4846 megabytes
    Info: Processing ended: Sun May 09 20:00:52 2021
    Info: Elapsed time: 00:00:12
    Info: Total CPU time (on all processors): 00:00:12


